User belongs to experiment group 'ShowPlayIcon - start'
User belongs to experiment group 'DebugAdapterFactory - experiment'
User belongs to experiment group 'PtvsdWheels37 - experiment'
User belongs to experiment group 'UseTerminalToGetActivatedEnvVars - control'
User belongs to experiment group 'WebHostNotebook - control'
User belongs to experiment group 'LocalZMQKernel - control'
User belongs to experiment group 'CollectLSRequestTiming - control'
User belongs to experiment group 'CollectNodeLSRequestTiming - experiment'
User belongs to experiment group 'EnableIPyWidgets - experiment'
User belongs to experiment group 'RunByLine - control'
User belongs to experiment group 'CustomEditorSupport - control'
> conda --version
> pyenv root
> python3.7 ~/.vscode/extensions/ms-python.python-2020.6.91350/pythonFiles/pyvsc-run-isolated.py -c "import sys;print(sys.executable)"
> python3.6 ~/.vscode/extensions/ms-python.python-2020.6.91350/pythonFiles/pyvsc-run-isolated.py -c "import sys;print(sys.executable)"
> python3 ~/.vscode/extensions/ms-python.python-2020.6.91350/pythonFiles/pyvsc-run-isolated.py -c "import sys;print(sys.executable)"
> python2 ~/.vscode/extensions/ms-python.python-2020.6.91350/pythonFiles/pyvsc-run-isolated.py -c "import sys;print(sys.executable)"
> python ~/.vscode/extensions/ms-python.python-2020.6.91350/pythonFiles/pyvsc-run-isolated.py -c "import sys;print(sys.executable)"
> python3 ~/.vscode/extensions/ms-python.python-2020.6.91350/pythonFiles/pyvsc-run-isolated.py -c "import sys;print(sys.executable)"
> conda info --json
> python3 ~/.vscode/extensions/ms-python.python-2020.6.91350/pythonFiles/pyvsc-run-isolated.py -c "import sys;print(sys.executable)"
> python3 ~/.vscode/extensions/ms-python.python-2020.6.91350/pythonFiles/pyvsc-run-isolated.py -c "import sys;print(sys.executable)"
> python3 ~/.vscode/extensions/ms-python.python-2020.6.91350/pythonFiles/pyvsc-run-isolated.py -c "import sys;print(sys.executable)"
> python3 ~/.vscode/extensions/ms-python.python-2020.6.91350/pythonFiles/pyvsc-run-isolated.py -c "import sys;print(sys.executable)"
> python3 ~/.vscode/extensions/ms-python.python-2020.6.91350/pythonFiles/pyvsc-run-isolated.py -c "import sys;print(sys.executable)"
> python3 ~/.vscode/extensions/ms-python.python-2020.6.91350/pythonFiles/pyvsc-run-isolated.py -c "import sys;print(sys.executable)"
> python3 ~/.vscode/extensions/ms-python.python-2020.6.91350/pythonFiles/pyvsc-run-isolated.py -c "import sys;print(sys.executable)"
> python3 ~/.vscode/extensions/ms-python.python-2020.6.91350/pythonFiles/pyvsc-run-isolated.py -c "import sys;print(sys.executable)"
Python interpreter path: /usr/bin/python3
Starting Jedi Python language engine.
> python3 ~/.vscode/extensions/ms-python.python-2020.6.91350/pythonFiles/pyvsc-run-isolated.py -c "import sys;print(sys.executable)"
> python3 ~/.vscode/extensions/ms-python.python-2020.6.91350/pythonFiles/pyvsc-run-isolated.py -c "import sys;print(sys.executable)"
> /usr/bin/python3 ~/.vscode/extensions/ms-python.python-2020.6.91350/pythonFiles/pyvsc-run-isolated.py -c "import jupyter"
> /usr/bin/python3 ~/.vscode/extensions/ms-python.python-2020.6.91350/pythonFiles/pyvsc-run-isolated.py -c "import jupyter"
> /usr/bin/python3 ~/.vscode/extensions/ms-python.python-2020.6.91350/pythonFiles/pyvsc-run-isolated.py -c "import notebook"
> /usr/bin/python3 ~/.vscode/extensions/ms-python.python-2020.6.91350/pythonFiles/pyvsc-run-isolated.py -c "import notebook"
> conda --version
> python3 ~/.vscode/extensions/ms-python.python-2020.6.91350/pythonFiles/pyvsc-run-isolated.py -c "import sys;print(sys.executable)"
> python3 ~/.vscode/extensions/ms-python.python-2020.6.91350/pythonFiles/pyvsc-run-isolated.py -c "import sys;print(sys.executable)"
> /usr/bin/python3 ~/.vscode/extensions/ms-python.python-2020.6.91350/pythonFiles/pyvsc-run-isolated.py -c "import sys;print(sys.prefix)"
cwd: ~/.vscode/extensions/ms-python.python-2020.6.91350/out/client
> /usr/bin/python3 ~/.vscode/extensions/ms-python.python-2020.6.91350/pythonFiles/pyvsc-run-isolated.py -c "import sys;print(sys.prefix)"
cwd: ~/.vscode/extensions/ms-python.python-2020.6.91350/out/client
> /usr/bin/python3 ~/.vscode/extensions/ms-python.python-2020.6.91350/pythonFiles/pyvsc-run-isolated.py -c "import sys;print(sys.executable)"
cwd: ~/.vscode/extensions/ms-python.python-2020.6.91350/out/client
> /usr/bin/python3 ~/.vscode/extensions/ms-python.python-2020.6.91350/pythonFiles/pyvsc-run-isolated.py -c "import sys;print(sys.executable)"
cwd: ~/.vscode/extensions/ms-python.python-2020.6.91350/out/client
> /usr/bin/python3 ~/.vscode/extensions/ms-python.python-2020.6.91350/pythonFiles/pyvsc-run-isolated.py -c "from distutils.sysconfig import get_python_lib; print(get_python_lib())"
cwd: ~/.vscode/extensions/ms-python.python-2020.6.91350/out/client
> /usr/bin/python3 ~/.vscode/extensions/ms-python.python-2020.6.91350/pythonFiles/pyvsc-run-isolated.py -c "from distutils.sysconfig import get_python_lib; print(get_python_lib())"
cwd: ~/.vscode/extensions/ms-python.python-2020.6.91350/out/client
> /usr/bin/python3 ~/.vscode/extensions/ms-python.python-2020.6.91350/pythonFiles/pyvsc-run-isolated.py site --user-site
cwd: ~/.vscode/extensions/ms-python.python-2020.6.91350/out/client
> /usr/bin/python3 ~/.vscode/extensions/ms-python.python-2020.6.91350/pythonFiles/pyvsc-run-isolated.py site --user-site
cwd: ~/.vscode/extensions/ms-python.python-2020.6.91350/out/client
> python3 ~/.vscode/extensions/ms-python.python-2020.6.91350/pythonFiles/pyvsc-run-isolated.py pylint --msg-template='{line},{column},{category},{symbol}:{msg}' --reports=n --output-format=text ~/api_consumo.py
cwd: ~/
> python3 ~/.vscode/extensions/ms-python.python-2020.6.91350/pythonFiles/pyvsc-run-isolated.py pylint --msg-template='{line},{column},{category},{symbol}:{msg}' --reports=n --output-format=text ~/api_consumo.py
cwd: ~/
> /usr/bin/python3 ~/.vscode/extensions/ms-python.python-2020.6.91350/pythonFiles/pyvsc-run-isolated.py ~/.vscode/extensions/ms-python.python-2020.6.91350/pythonFiles/completion.py
> /usr/bin/python3 ~/.vscode/extensions/ms-python.python-2020.6.91350/pythonFiles/pyvsc-run-isolated.py ~/.vscode/extensions/ms-python.python-2020.6.91350/pythonFiles/completion.py
##########Linting Output - pylint##########
> python3 ~/.vscode/extensions/ms-python.python-2020.6.91350/pythonFiles/pyvsc-run-isolated.py -c "import sys;print(sys.executable)"
> python3 ~/.vscode/extensions/ms-python.python-2020.6.91350/pythonFiles/pyvsc-run-isolated.py -c "import sys;print(sys.executable)"
> python3 ~/.vscode/extensions/ms-python.python-2020.6.91350/pythonFiles/pyvsc-run-isolated.py -c "import sys;print(sys.executable)"
> python3 ~/.vscode/extensions/ms-python.python-2020.6.91350/pythonFiles/pyvsc-run-isolated.py -c "import sys;print(sys.executable)"
> python3 ~/.vscode/extensions/ms-python.python-2020.6.91350/pythonFiles/pyvsc-run-isolated.py -c "import sys;print(sys.executable)"
> python3 ~/.vscode/extensions/ms-python.python-2020.6.91350/pythonFiles/pyvsc-run-isolated.py -c "import sys;print(sys.executable)"
> python3 ~/.vscode/extensions/ms-python.python-2020.6.91350/pythonFiles/pyvsc-run-isolated.py pylint --msg-template='{line},{column},{category},{symbol}:{msg}' --reports=n --output-format=text ~/api_consumo.py
cwd: ~/
> python3 ~/.vscode/extensions/ms-python.python-2020.6.91350/pythonFiles/pyvsc-run-isolated.py pylint --msg-template='{line},{column},{category},{symbol}:{msg}' --reports=n --output-format=text ~/api_consumo.py
cwd: ~/
> python3 ~/.vscode/extensions/ms-python.python-2020.6.91350/pythonFiles/pyvsc-run-isolated.py -c "import sys;print(sys.executable)"
> python3 ~/.vscode/extensions/ms-python.python-2020.6.91350/pythonFiles/pyvsc-run-isolated.py -c "import sys;print(sys.executable)"
> python3 ~/.vscode/extensions/ms-python.python-2020.6.91350/pythonFiles/pyvsc-run-isolated.py -c "import sys;print(sys.executable)"
> python3 ~/.vscode/extensions/ms-python.python-2020.6.91350/pythonFiles/pyvsc-run-isolated.py -c "import sys;print(sys.executable)"
##########Linting Output - pylint##########

------------------------------------
Your code has been rated at 10.00/10

> python3 ~/.vscode/extensions/ms-python.python-2020.6.91350/pythonFiles/pyvsc-run-isolated.py pylint --msg-template='{line},{column},{category},{symbol}:{msg}' --reports=n --output-format=text ~/api_consumo.py
cwd: ~/
> python3 ~/.vscode/extensions/ms-python.python-2020.6.91350/pythonFiles/pyvsc-run-isolated.py pylint --msg-template='{line},{column},{category},{symbol}:{msg}' --reports=n --output-format=text ~/api_consumo.py
cwd: ~/
##########Linting Output - pylint##########
************* Module api_consumo
1,13,error,syntax-error:invalid syntax (<fstring>, line 1)
> python3 ~/.vscode/extensions/ms-python.python-2020.6.91350/pythonFiles/pyvsc-run-isolated.py pylint --msg-template='{line},{column},{category},{symbol}:{msg}' --reports=n --output-format=text ~/api_consumo.py
cwd: ~/
> python3 ~/.vscode/extensions/ms-python.python-2020.6.91350/pythonFiles/pyvsc-run-isolated.py pylint --msg-template='{line},{column},{category},{symbol}:{msg}' --reports=n --output-format=text ~/api_consumo.py
cwd: ~/
##########Linting Output - pylint##########
************* Module api_consumo
3,22,error,syntax-error:invalid syntax (<unknown>, line 3)
> python3 ~/.vscode/extensions/ms-python.python-2020.6.91350/pythonFiles/pyvsc-run-isolated.py pylint --msg-template='{line},{column},{category},{symbol}:{msg}' --reports=n --output-format=text ~/api_consumo.py
cwd: ~/
> python3 ~/.vscode/extensions/ms-python.python-2020.6.91350/pythonFiles/pyvsc-run-isolated.py pylint --msg-template='{line},{column},{category},{symbol}:{msg}' --reports=n --output-format=text ~/api_consumo.py
cwd: ~/
##########Linting Output - pylint##########
************* Module api_consumo
18,51,error,syntax-error:EOL while scanning string literal (<unknown>, line 18)
> python3 ~/.vscode/extensions/ms-python.python-2020.6.91350/pythonFiles/pyvsc-run-isolated.py pylint --msg-template='{line},{column},{category},{symbol}:{msg}' --reports=n --output-format=text ~/api_consumo.py
cwd: ~/
> python3 ~/.vscode/extensions/ms-python.python-2020.6.91350/pythonFiles/pyvsc-run-isolated.py pylint --msg-template='{line},{column},{category},{symbol}:{msg}' --reports=n --output-format=text ~/api_consumo.py
cwd: ~/
##########Linting Output - pylint##########
************* Module api_consumo
18,52,error,syntax-error:EOL while scanning string literal (<unknown>, line 18)
> python3 ~/.vscode/extensions/ms-python.python-2020.6.91350/pythonFiles/pyvsc-run-isolated.py pylint --msg-template='{line},{column},{category},{symbol}:{msg}' --reports=n --output-format=text ~/api_consumo.py
cwd: ~/
> python3 ~/.vscode/extensions/ms-python.python-2020.6.91350/pythonFiles/pyvsc-run-isolated.py pylint --msg-template='{line},{column},{category},{symbol}:{msg}' --reports=n --output-format=text ~/api_consumo.py
cwd: ~/
##########Linting Output - pylint##########
************* Module api_consumo
18,52,error,syntax-error:EOL while scanning string literal (<unknown>, line 18)
> python3 ~/.vscode/extensions/ms-python.python-2020.6.91350/pythonFiles/pyvsc-run-isolated.py pylint --msg-template='{line},{column},{category},{symbol}:{msg}' --reports=n --output-format=text ~/api_consumo.py
cwd: ~/
> python3 ~/.vscode/extensions/ms-python.python-2020.6.91350/pythonFiles/pyvsc-run-isolated.py pylint --msg-template='{line},{column},{category},{symbol}:{msg}' --reports=n --output-format=text ~/api_consumo.py
cwd: ~/
##########Linting Output - pylint##########
************* Module api_consumo
18,77,error,syntax-error:EOL while scanning string literal (<unknown>, line 18)
> python3 ~/.vscode/extensions/ms-python.python-2020.6.91350/pythonFiles/pyvsc-run-isolated.py pylint --msg-template='{line},{column},{category},{symbol}:{msg}' --reports=n --output-format=text ~/api_consumo.py
cwd: ~/
> python3 ~/.vscode/extensions/ms-python.python-2020.6.91350/pythonFiles/pyvsc-run-isolated.py pylint --msg-template='{line},{column},{category},{symbol}:{msg}' --reports=n --output-format=text ~/api_consumo.py
cwd: ~/
##########Linting Output - pylint##########
************* Module api_consumo
19,19,error,undefined-variable:Undefined variable 'response'

-------------------------------------------------------------------
Your code has been rated at 8.15/10 (previous run: 10.00/10, -1.85)

> python3 ~/.vscode/extensions/ms-python.python-2020.6.91350/pythonFiles/pyvsc-run-isolated.py pylint --msg-template='{line},{column},{category},{symbol}:{msg}' --reports=n --output-format=text ~/api_consumo.py
cwd: ~/
> python3 ~/.vscode/extensions/ms-python.python-2020.6.91350/pythonFiles/pyvsc-run-isolated.py pylint --msg-template='{line},{column},{category},{symbol}:{msg}' --reports=n --output-format=text ~/api_consumo.py
cwd: ~/
##########Linting Output - pylint##########
************* Module api_consumo
18,52,error,syntax-error:EOL while scanning string literal (<unknown>, line 18)
> python3 ~/.vscode/extensions/ms-python.python-2020.6.91350/pythonFiles/pyvsc-run-isolated.py pylint --msg-template='{line},{column},{category},{symbol}:{msg}' --reports=n --output-format=text ~/api_consumo.py
cwd: ~/
> python3 ~/.vscode/extensions/ms-python.python-2020.6.91350/pythonFiles/pyvsc-run-isolated.py pylint --msg-template='{line},{column},{category},{symbol}:{msg}' --reports=n --output-format=text ~/api_consumo.py
cwd: ~/
##########Linting Output - pylint##########

-------------------------------------------------------------------
Your code has been rated at 10.00/10 (previous run: 8.15/10, +1.85)

> python3 ~/.vscode/extensions/ms-python.python-2020.6.91350/pythonFiles/pyvsc-run-isolated.py pylint --msg-template='{line},{column},{category},{symbol}:{msg}' --reports=n --output-format=text ~/api_consumo.py
cwd: ~/
> python3 ~/.vscode/extensions/ms-python.python-2020.6.91350/pythonFiles/pyvsc-run-isolated.py pylint --msg-template='{line},{column},{category},{symbol}:{msg}' --reports=n --output-format=text ~/api_consumo.py
cwd: ~/
##########Linting Output - pylint##########

--------------------------------------------------------------------
Your code has been rated at 10.00/10 (previous run: 10.00/10, +0.00)

> python3 ~/.vscode/extensions/ms-python.python-2020.6.91350/pythonFiles/pyvsc-run-isolated.py pylint --msg-template='{line},{column},{category},{symbol}:{msg}' --reports=n --output-format=text ~/api_consumo.py
cwd: ~/
> python3 ~/.vscode/extensions/ms-python.python-2020.6.91350/pythonFiles/pyvsc-run-isolated.py pylint --msg-template='{line},{column},{category},{symbol}:{msg}' --reports=n --output-format=text ~/api_consumo.py
cwd: ~/
##########Linting Output - pylint##########

--------------------------------------------------------------------
Your code has been rated at 10.00/10 (previous run: 10.00/10, +0.00)

> python3 ~/.vscode/extensions/ms-python.python-2020.6.91350/pythonFiles/pyvsc-run-isolated.py pylint --msg-template='{line},{column},{category},{symbol}:{msg}' --reports=n --output-format=text ~/api_consumo.py
cwd: ~/
> python3 ~/.vscode/extensions/ms-python.python-2020.6.91350/pythonFiles/pyvsc-run-isolated.py pylint --msg-template='{line},{column},{category},{symbol}:{msg}' --reports=n --output-format=text ~/api_consumo.py
cwd: ~/
##########Linting Output - pylint##########
************* Module api_consumo
24,82,error,syntax-error:EOL while scanning string literal (<unknown>, line 24)
> python3 ~/.vscode/extensions/ms-python.python-2020.6.91350/pythonFiles/pyvsc-run-isolated.py pylint --msg-template='{line},{column},{category},{symbol}:{msg}' --reports=n --output-format=text ~/api_consumo.py
cwd: ~/
> python3 ~/.vscode/extensions/ms-python.python-2020.6.91350/pythonFiles/pyvsc-run-isolated.py pylint --msg-template='{line},{column},{category},{symbol}:{msg}' --reports=n --output-format=text ~/api_consumo.py
cwd: ~/
##########Linting Output - pylint##########

--------------------------------------------------------------------
Your code has been rated at 10.00/10 (previous run: 10.00/10, +0.00)

